<?xml version="1.0" encoding="UTF-8"?>
<testsuite name="JUnit Jupiter" tests="37" skipped="0" failures="0" errors="0" time="0.188" hostname="syed" timestamp="2020-03-02T16:21:28">
<properties>
[...]
</properties>
<testcase name="should_ThrowsRuntimeException_When_ListIsEmpty()" classname="com.im.FirstTest$CalculateAverage" time="0.011">
<system-out><![CDATA[
unique-id: [engine:junit-jupiter]/[class:com.im.FirstTest]/[nested-class:CalculateAverage]/[method:should_ThrowsRuntimeException_When_ListIsEmpty()]
display-name: should_ThrowsRuntimeException_When_ListIsEmpty()
]]></system-out>
</testcase>
<testcase name="should_ReturnAverage_When_We_CalculateAverage()" classname="com.im.FirstTest$CalculateAverage" time="0.004">
<system-out><![CDATA[
unique-id: [engine:junit-jupiter]/[class:com.im.FirstTest]/[nested-class:CalculateAverage]/[method:should_ReturnAverage_When_We_CalculateAverage()]
display-name: should_ReturnAverage_When_We_CalculateAverage()
]]></system-out>
</testcase>
<testcase name="should_ThrowsRuntimeException_When_ListSizeIsOne()" classname="com.im.FirstTest$CalculateAverage" time="0.001">
<system-out><![CDATA[
unique-id: [engine:junit-jupiter]/[class:com.im.FirstTest]/[nested-class:CalculateAverage]/[method:should_ThrowsRuntimeException_When_ListSizeIsOne()]
display-name: should_ThrowsRuntimeException_When_ListSizeIsOne()
]]></system-out>
</testcase>
<testcase name="should_ReturnNull_When_ListOnlyContainsEvenElements()" classname="com.im.FirstTest$FilterEvenElements" time="0.002">
<system-out><![CDATA[
unique-id: [engine:junit-jupiter]/[class:com.im.FirstTest]/[nested-class:FilterEvenElements]/[method:should_ReturnNull_When_ListOnlyContainsEvenElements()]
display-name: should_ReturnNull_When_ListOnlyContainsEvenElements()
]]></system-out>
</testcase>
<testcase name="should_ReturnListOfEvenNumbers_When_FilteringAllElements()" classname="com.im.FirstTest$FilterEvenElements" time="0.001">
<system-out><![CDATA[
unique-id: [engine:junit-jupiter]/[class:com.im.FirstTest]/[nested-class:FilterEvenElements]/[method:should_ReturnListOfEvenNumbers_When_FilteringAllElements()]
display-name: should_ReturnListOfEvenNumbers_When_FilteringAllElements()
]]></system-out>
</testcase>
<testcase name="should_ReturnTrue_When_OneCharacterStringIsPassed()" classname="com.im.FirstTest$StringIsPalindrome" time="0.001">
<system-out><![CDATA[
unique-id: [engine:junit-jupiter]/[class:com.im.FirstTest]/[nested-class:StringIsPalindrome]/[method:should_ReturnTrue_When_OneCharacterStringIsPassed()]
display-name: should_ReturnTrue_When_OneCharacterStringIsPassed()
]]></system-out>
</testcase>
<testcase name="should_ThrowsNullPointerException_When_OriginalStringIsNull()" classname="com.im.FirstTest$StringIsPalindrome" time="0.001">
<system-out><![CDATA[
unique-id: [engine:junit-jupiter]/[class:com.im.FirstTest]/[nested-class:StringIsPalindrome]/[method:should_ThrowsNullPointerException_When_OriginalStringIsNull()]
display-name: should_ThrowsNullPointerException_When_OriginalStringIsNull()
]]></system-out>
</testcase>
<testcase name="should_ReturnTrue_When_StringIsPalindrome()" classname="com.im.FirstTest$StringIsPalindrome" time="0.001">
<system-out><![CDATA[
unique-id: [engine:junit-jupiter]/[class:com.im.FirstTest]/[nested-class:StringIsPalindrome]/[method:should_ReturnTrue_When_StringIsPalindrome()]
display-name: should_ReturnTrue_When_StringIsPalindrome()
]]></system-out>
</testcase>
<testcase name="should_ReturnFalse_When_StringIsNotPalindrome()" classname="com.im.FirstTest$StringIsPalindrome" time="0.001">
<system-out><![CDATA[
unique-id: [engine:junit-jupiter]/[class:com.im.FirstTest]/[nested-class:StringIsPalindrome]/[method:should_ReturnFalse_When_StringIsNotPalindrome()]
display-name: should_ReturnFalse_When_StringIsNotPalindrome()
]]></system-out>
</testcase>
<testcase name="should_ReturnTrue_When_OriginalStringIsEmpty()" classname="com.im.FirstTest$StringIsPalindrome" time="0">
<system-out><![CDATA[
unique-id: [engine:junit-jupiter]/[class:com.im.FirstTest]/[nested-class:StringIsPalindrome]/[method:should_ReturnTrue_When_OriginalStringIsEmpty()]
display-name: should_ReturnTrue_When_OriginalStringIsEmpty()
]]></system-out>
</testcase>
<testcase name="should_ReturnMainString_When_ReplacementString_IsNull()" classname="com.im.FirstTest$MainString_Contains_SubString" time="0.001">
<system-out><![CDATA[
unique-id: [engine:junit-jupiter]/[class:com.im.FirstTest]/[nested-class:MainString_Contains_SubString]/[method:should_ReturnMainString_When_ReplacementString_IsNull()]
display-name: should_ReturnMainString_When_ReplacementString_IsNull()
]]></system-out>
</testcase>
<testcase name="should_ReturnNewString_When_MainString_Contains_SubString()" classname="com.im.FirstTest$MainString_Contains_SubString" time="0">
<system-out><![CDATA[
unique-id: [engine:junit-jupiter]/[class:com.im.FirstTest]/[nested-class:MainString_Contains_SubString]/[method:should_ReturnNewString_When_MainString_Contains_SubString()]
display-name: should_ReturnNewString_When_MainString_Contains_SubString()
]]></system-out>
</testcase>
<testcase name="should_ReturnEmpty_When_MainString_IsEmpty()" classname="com.im.FirstTest$MainString_Contains_SubString" time="0">
<system-out><![CDATA[
unique-id: [engine:junit-jupiter]/[class:com.im.FirstTest]/[nested-class:MainString_Contains_SubString]/[method:should_ReturnEmpty_When_MainString_IsEmpty()]
display-name: should_ReturnEmpty_When_MainString_IsEmpty()
]]></system-out>
</testcase>
<testcase name="should_ReturnMainString_When_SubString_IsNull()" classname="com.im.FirstTest$MainString_Contains_SubString" time="0.001">
<system-out><![CDATA[
unique-id: [engine:junit-jupiter]/[class:com.im.FirstTest]/[nested-class:MainString_Contains_SubString]/[method:should_ReturnMainString_When_SubString_IsNull()]
display-name: should_ReturnMainString_When_SubString_IsNull()
]]></system-out>
</testcase>
<testcase name="should_ReturnMainString_When_MainString_NotContains_SubString()" classname="com.im.FirstTest$MainString_Contains_SubString" time="0.001">
<system-out><![CDATA[
unique-id: [engine:junit-jupiter]/[class:com.im.FirstTest]/[nested-class:MainString_Contains_SubString]/[method:should_ReturnMainString_When_MainString_NotContains_SubString()]
display-name: should_ReturnMainString_When_MainString_NotContains_SubString()
]]></system-out>
</testcase>
<testcase name="should_ReturnCorrectDietPlan_When_CorrectCoder()[1]" classname="should_ReturnCorrectDietPlan_When_CorrectCoder()" time="0.003">
<system-out><![CDATA[
unique-id: [engine:junit-jupiter]/[class:healthycoderapp.DietPlannerTest]/[test-template:should_ReturnCorrectDietPlan_When_CorrectCoder()]/[test-template-invocation:#1]
display-name: repetition 1 of 10
]]></system-out>
</testcase>
<testcase name="should_ReturnCorrectDietPlan_When_CorrectCoder()[2]" classname="should_ReturnCorrectDietPlan_When_CorrectCoder()" time="0">
<system-out><![CDATA[
unique-id: [engine:junit-jupiter]/[class:healthycoderapp.DietPlannerTest]/[test-template:should_ReturnCorrectDietPlan_When_CorrectCoder()]/[test-template-invocation:#2]
display-name: repetition 2 of 10
]]></system-out>
</testcase>
<testcase name="should_ReturnCorrectDietPlan_When_CorrectCoder()[3]" classname="should_ReturnCorrectDietPlan_When_CorrectCoder()" time="0">
<system-out><![CDATA[
unique-id: [engine:junit-jupiter]/[class:healthycoderapp.DietPlannerTest]/[test-template:should_ReturnCorrectDietPlan_When_CorrectCoder()]/[test-template-invocation:#3]
display-name: repetition 3 of 10
]]></system-out>
</testcase>
<testcase name="should_ReturnCorrectDietPlan_When_CorrectCoder()[4]" classname="should_ReturnCorrectDietPlan_When_CorrectCoder()" time="0.001">
<system-out><![CDATA[
unique-id: [engine:junit-jupiter]/[class:healthycoderapp.DietPlannerTest]/[test-template:should_ReturnCorrectDietPlan_When_CorrectCoder()]/[test-template-invocation:#4]
display-name: repetition 4 of 10
]]></system-out>
</testcase>
<testcase name="should_ReturnCorrectDietPlan_When_CorrectCoder()[5]" classname="should_ReturnCorrectDietPlan_When_CorrectCoder()" time="0">
<system-out><![CDATA[
unique-id: [engine:junit-jupiter]/[class:healthycoderapp.DietPlannerTest]/[test-template:should_ReturnCorrectDietPlan_When_CorrectCoder()]/[test-template-invocation:#5]
display-name: repetition 5 of 10
]]></system-out>
</testcase>
<testcase name="should_ReturnCorrectDietPlan_When_CorrectCoder()[6]" classname="should_ReturnCorrectDietPlan_When_CorrectCoder()" time="0.001">
<system-out><![CDATA[
unique-id: [engine:junit-jupiter]/[class:healthycoderapp.DietPlannerTest]/[test-template:should_ReturnCorrectDietPlan_When_CorrectCoder()]/[test-template-invocation:#6]
display-name: repetition 6 of 10
]]></system-out>
</testcase>
<testcase name="should_ReturnCorrectDietPlan_When_CorrectCoder()[7]" classname="should_ReturnCorrectDietPlan_When_CorrectCoder()" time="0">
<system-out><![CDATA[
unique-id: [engine:junit-jupiter]/[class:healthycoderapp.DietPlannerTest]/[test-template:should_ReturnCorrectDietPlan_When_CorrectCoder()]/[test-template-invocation:#7]
display-name: repetition 7 of 10
]]></system-out>
</testcase>
<testcase name="should_ReturnCorrectDietPlan_When_CorrectCoder()[8]" classname="should_ReturnCorrectDietPlan_When_CorrectCoder()" time="0">
<system-out><![CDATA[
unique-id: [engine:junit-jupiter]/[class:healthycoderapp.DietPlannerTest]/[test-template:should_ReturnCorrectDietPlan_When_CorrectCoder()]/[test-template-invocation:#8]
display-name: repetition 8 of 10
]]></system-out>
</testcase>
<testcase name="should_ReturnCorrectDietPlan_When_CorrectCoder()[9]" classname="should_ReturnCorrectDietPlan_When_CorrectCoder()" time="0.001">
<system-out><![CDATA[
unique-id: [engine:junit-jupiter]/[class:healthycoderapp.DietPlannerTest]/[test-template:should_ReturnCorrectDietPlan_When_CorrectCoder()]/[test-template-invocation:#9]
display-name: repetition 9 of 10
]]></system-out>
</testcase>
<testcase name="should_ReturnCorrectDietPlan_When_CorrectCoder()[10]" classname="should_ReturnCorrectDietPlan_When_CorrectCoder()" time="0.001">
<system-out><![CDATA[
unique-id: [engine:junit-jupiter]/[class:healthycoderapp.DietPlannerTest]/[test-template:should_ReturnCorrectDietPlan_When_CorrectCoder()]/[test-template-invocation:#10]
display-name: repetition 10 of 10
]]></system-out>
</testcase>
<testcase name="should_ReturnCoderWithWorstBMI_when_CoderListNotEmpty()" classname="healthycoderapp.BMICalculatorTest$FindCoderWithWorstBMITests" time="0.002">
<system-out><![CDATA[
unique-id: [engine:junit-jupiter]/[class:healthycoderapp.BMICalculatorTest]/[nested-class:FindCoderWithWorstBMITests]/[method:should_ReturnCoderWithWorstBMI_when_CoderListNotEmpty()]
display-name: should_ReturnCoderWithWorstBMI_when_CoderListNotEmpty()
]]></system-out>
</testcase>
<testcase name="should_ReturnCorrectBmiScoreArray_when_CoderListNotEmpty()" classname="healthycoderapp.BMICalculatorTest$FindCoderWithWorstBMITests" time="0.001">
<system-out><![CDATA[
unique-id: [engine:junit-jupiter]/[class:healthycoderapp.BMICalculatorTest]/[nested-class:FindCoderWithWorstBMITests]/[method:should_ReturnCorrectBmiScoreArray_when_CoderListNotEmpty()]
display-name: should_ReturnCorrectBmiScoreArray_when_CoderListNotEmpty()
]]></system-out>
</testcase>
<testcase name="should_ReturnNull_when_CoderNotEmpty()" classname="healthycoderapp.BMICalculatorTest$IsDietRecommendedTests" time="0">
<system-out><![CDATA[
unique-id: [engine:junit-jupiter]/[class:healthycoderapp.BMICalculatorTest]/[nested-class:IsDietRecommendedTests]/[method:should_ReturnNull_when_CoderNotEmpty()]
display-name: should_ReturnNull_when_CoderNotEmpty()
]]></system-out>
</testcase>
<testcase name="should_throwArithmeticException_When_HeightZero()" classname="healthycoderapp.BMICalculatorTest$IsDietRecommendedTests" time="0.002">
<system-out><![CDATA[
unique-id: [engine:junit-jupiter]/[class:healthycoderapp.BMICalculatorTest]/[nested-class:IsDietRecommendedTests]/[method:should_throwArithmeticException_When_HeightZero()]
display-name: should_throwArithmeticException_When_HeightZero()
]]></system-out>
</testcase>
<testcase name="should_ReturnFalse_When_DietNotRecommended()" classname="healthycoderapp.BMICalculatorTest$IsDietRecommendedTests" time="0.001">
<system-out><![CDATA[
unique-id: [engine:junit-jupiter]/[class:healthycoderapp.BMICalculatorTest]/[nested-class:IsDietRecommendedTests]/[method:should_ReturnFalse_When_DietNotRecommended()]
display-name: should_ReturnFalse_When_DietNotRecommended()
]]></system-out>
</testcase>
<testcase name="should_ReturnTrue_When_DietRecommended(Double, Double)[1]" classname="should_ReturnTrue_When_DietRecommended(Double, Double)" time="0.014">
<system-out><![CDATA[
unique-id: [engine:junit-jupiter]/[class:healthycoderapp.BMICalculatorTest]/[nested-class:IsDietRecommendedTests]/[test-template:should_ReturnTrue_When_DietRecommended(java.lang.Double, java.lang.Double)]/[test-template-invocation:#1]
display-name: weight=82.0, height=1.68
]]></system-out>
</testcase>
<testcase name="should_ReturnTrue_When_DietRecommended(Double, Double)[2]" classname="should_ReturnTrue_When_DietRecommended(Double, Double)" time="0.001">
<system-out><![CDATA[
unique-id: [engine:junit-jupiter]/[class:healthycoderapp.BMICalculatorTest]/[nested-class:IsDietRecommendedTests]/[test-template:should_ReturnTrue_When_DietRecommended(java.lang.Double, java.lang.Double)]/[test-template-invocation:#2]
display-name: weight=85.0, height=1.69
]]></system-out>
</testcase>
<testcase name="should_ReturnTrue_When_DietRecommended(Double, Double)[3]" classname="should_ReturnTrue_When_DietRecommended(Double, Double)" time="0">
<system-out><![CDATA[
unique-id: [engine:junit-jupiter]/[class:healthycoderapp.BMICalculatorTest]/[nested-class:IsDietRecommendedTests]/[test-template:should_ReturnTrue_When_DietRecommended(java.lang.Double, java.lang.Double)]/[test-template-invocation:#3]
display-name: weight=89.0, height=1.72
]]></system-out>
</testcase>
<testcase name="should_ReturnTrue_When_DietRecommended(Double, Double)[4]" classname="should_ReturnTrue_When_DietRecommended(Double, Double)" time="0">
<system-out><![CDATA[
unique-id: [engine:junit-jupiter]/[class:healthycoderapp.BMICalculatorTest]/[nested-class:IsDietRecommendedTests]/[test-template:should_ReturnTrue_When_DietRecommended(java.lang.Double, java.lang.Double)]/[test-template-invocation:#4]
display-name: weight=95.0, height=1.75
]]></system-out>
</testcase>
<testcase name="should_ReturnTrue_When_DietRecommended(Double, Double)[5]" classname="should_ReturnTrue_When_DietRecommended(Double, Double)" time="0.001">
<system-out><![CDATA[
unique-id: [engine:junit-jupiter]/[class:healthycoderapp.BMICalculatorTest]/[nested-class:IsDietRecommendedTests]/[test-template:should_ReturnTrue_When_DietRecommended(java.lang.Double, java.lang.Double)]/[test-template-invocation:#5]
display-name: weight=110.0, height=1.78
]]></system-out>
</testcase>
<testcase name="should_ReturnTrue_When_DietRecommended(Double, Double)[6]" classname="should_ReturnTrue_When_DietRecommended(Double, Double)" time="0.001">
<system-out><![CDATA[
unique-id: [engine:junit-jupiter]/[class:healthycoderapp.BMICalculatorTest]/[nested-class:IsDietRecommendedTests]/[test-template:should_ReturnTrue_When_DietRecommended(java.lang.Double, java.lang.Double)]/[test-template-invocation:#6]
display-name: weight=120.0, height=1.89
]]></system-out>
</testcase>
<testcase name="should_ReturnTrue_When_DietRecommended(Double, Double)[7]" classname="should_ReturnTrue_When_DietRecommended(Double, Double)" time="0.001">
<system-out><![CDATA[
unique-id: [engine:junit-jupiter]/[class:healthycoderapp.BMICalculatorTest]/[nested-class:IsDietRecommendedTests]/[test-template:should_ReturnTrue_When_DietRecommended(java.lang.Double, java.lang.Double)]/[test-template-invocation:#7]
display-name: weight=125.5, height=1.92
]]></system-out>
</testcase>
<system-out><![CDATA[
unique-id: [engine:junit-jupiter]
display-name: JUnit Jupiter
]]></system-out>
</testsuite>
